<?xml version='1.0' encoding='UTF-8'?>
<testsuite hostname="codespaces-9debfd" name="gameoflifetests" tests="9" errors="0" failures="0" skipped="0" time="0.195" timestamp="2025-09-18T04:51:37">
          <properties>
      <property name="java.specification.version" value="21"/><property name="sun.jnu.encoding" value="UTF-8"/><property name="sun.arch.data.model" value="64"/><property name="java.vendor.url" value="https://ubuntu.com/"/><property name="sun.boot.library.path" value="/usr/lib/jvm/java-21-openjdk-amd64/lib"/><property name="sun.java.command" value="/home/codespace/.cache/sbt/boot/sbt-launch/1.11.6/sbt-launch-1.11.6.jar clean test"/><property name="jdk.debug" value="release"/><property name="java.specification.vendor" value="Oracle Corporation"/><property name="java.version.date" value="2025-07-15"/><property name="java.home" value="/usr/lib/jvm/java-21-openjdk-amd64"/><property name="file.separator" value="/"/><property name="java.vm.compressedOopsMode" value="32-bit"/><property name="line.separator" value="
"/><property name="java.vm.specification.vendor" value="Oracle Corporation"/><property name="java.specification.name" value="Java Platform API Specification"/><property name="sun.management.compiler" value="HotSpot 64-Bit Tiered Compilers"/><property name="java.runtime.version" value="21.0.8+9-Ubuntu-0ubuntu124.04.1"/><property name="user.name" value="codespace"/><property name="log4j.ignoreTCL" value="true"/><property name="file.encoding" value="UTF-8"/><property name="jnidispatch.path" value="/home/codespace/.cache/JNA/temp/jna8346809370898191790.tmp"/><property name="jna.loaded" value="true"/><property name="java.io.tmpdir" value="/tmp"/><property name="java.version" value="21.0.8"/><property name="java.vm.specification.name" value="Java Virtual Machine Specification"/><property name="native.encoding" value="UTF-8"/><property name="java.library.path" value="/usr/java/packages/lib:/usr/lib/x86_64-linux-gnu/jni:/lib/x86_64-linux-gnu:/usr/lib/x86_64-linux-gnu:/usr/lib/jni:/lib:/usr/lib"/><property name="stderr.encoding" value="UTF-8"/><property name="java.vendor" value="Ubuntu"/><property name="scala.ext.dirs" value="/home/codespace/.sbt/1.0/java9-rt-ext-ubuntu_21_0_8"/><property name="sun.io.unicode.encoding" value="UnicodeLittle"/><property name="java.class.path" value="/home/codespace/.cache/sbt/boot/sbt-launch/1.11.6/sbt-launch-1.11.6.jar"/><property name="java.vm.vendor" value="Ubuntu"/><property name="jline.shutdownhook" value="false"/><property name="user.timezone" value="Etc/UTC"/><property name="java.vm.specification.version" value="21"/><property name="os.name" value="Linux"/><property name="sun.java.launcher" value="SUN_STANDARD"/><property name="sun.cpu.endian" value="little"/><property name="user.home" value="/home/codespace"/><property name="user.language" value="en"/><property name="sbt.script" value="/usr/bin/sbt"/><property name="sbt.ipcsocket.tmpdir" value="/tmp/.sbt23180cdd/ipcsocket"/><property name="swoval.tmpdir" value="/tmp/.sbt23180cdd/swoval"/><property name="jline.esc.timeout" value="0"/><property name="stdout.encoding" value="UTF-8"/><property name="path.separator" value=":"/><property name="os.version" value="6.8.0-1030-azure"/><property name="jna.nosys" value="true"/><property name="java.runtime.name" value="OpenJDK Runtime Environment"/><property name="java.vm.name" value="OpenJDK 64-Bit Server VM"/><property name="jna.platform.library.path" value="/usr/lib/x86_64-linux-gnu:/lib/x86_64-linux-gnu:/usr/lib64:/lib64:/usr/lib:/lib:/lib32"/><property name="java.vendor.url.bug" value="https://bugs.launchpad.net/ubuntu/+source/openjdk-21"/><property name="user.dir" value="/workspaces/kk"/><property name="os.arch" value="amd64"/><property name="java.vm.info" value="mixed mode, sharing"/><property name="java.vm.version" value="21.0.8+9-Ubuntu-0ubuntu124.04.1"/><property name="java.class.version" value="65.0"/>
    </properties>
          <testcase classname="gameoflifetests" name="EX01 - Create Blinker" time="0.028">
                      
                    </testcase><testcase classname="gameoflifetests" name="EX02 - Create Glider" time="0.001">
                      
                    </testcase><testcase classname="gameoflifetests" name="EX03 - Print Matrix" time="0.005">
                      
                    </testcase><testcase classname="gameoflifetests" name="EX04 - Create a Shape" time="0.003">
                      
                    </testcase><testcase classname="gameoflifetests" name="EX05 - Set Up Board Game" time="0.006">
                      
                    </testcase><testcase classname="gameoflifetests" name="EX06 - Complain about Off-Board Adding" time="0.001">
                      
                    </testcase><testcase classname="gameoflifetests" name="EX07 - Set Up Board" time="0.005">
                      
                    </testcase><testcase classname="gameoflifetests" name="EX08 - Step Board" time="0.138">
                      
                    </testcase><testcase classname="gameoflifetests" name="BONUS EXERCISE - Read Shape from String" time="0.008">
                      
                    </testcase>
          <system-out><![CDATA[]]></system-out>
          <system-err><![CDATA[]]></system-err>
        </testsuite>